[INFO ] 2020-06-11 21:03:11.963 [main] LoggerListener - There are 40 products displayed in this page
[INFO ] 2020-06-11 21:03:11.967 [main] LoggerListener - 25 pages were resulted with the search
[INFO ] 2020-06-11 21:03:12.031 [main] LoggerListener - BEST SELLER
Product Image
Product Title
Bright Starts Grab & Spin Rattle and Teether Toy, Ages 3 months +
Average rating:out ofstars, based onreviews
80
ratings
Current Price
$2.99
$2.99
Pickup Only
Free pickup today
Current Quantity: 0 .
Add to cart

[INFO ] 2020-06-11 21:03:12.122 [main] LoggerListener - NEW
Product Image
Product Title
Fisher-Price Baby’s First Blocks & Rock-a-Stack, Plant-Based Toys
Average rating:out ofstars, based onreviews
19
ratings
Current Price
$16.99
$16.99
2-day delivery
Current Quantity: 0 .
Add to cart

[INFO ] 2020-06-11 21:03:12.213 [main] LoggerListener - Product Image
Product Title
Fisher-Price Giant Rock-a-Stack with 6-Colorful Rings
Average rating:out ofstars, based onreviews
26
ratings
Current Price
$39.49
$39.49
Sold & shipped by 
Innovative Commerce Solutions
Free delivery
Current Quantity: 0 .
Add to cart

[INFO ] 2020-06-11 21:03:12.317 [main] LoggerListener - BEST SELLER
Product Image
Product Title
Award Winning Fisher-Price Linkimals Smooth Moves Sloth, Baby Toy With Music and Lights
Average rating:out ofstars, based onreviews
348
ratings
Current Price
$29.82
$29.82
NextDay eligible
Free pickup today
Current Quantity: 0 .
Add to cart

[INFO ] 2020-06-11 21:03:12.413 [main] LoggerListener - NEW
Product Image
Product Title
Award Winning Fisher-Price Linkimals Happy Shapes Hedgehog, Musical Baby
Average rating:out ofstars, based onreviews
348
ratings
Current Price
$24.84
$24.84
2-day delivery
Free pickup today
Current Quantity: 0 .
Add to cart

[INFO ] 2020-06-11 21:03:12.503 [main] LoggerListener - NEW
Product Image
Product Title
VTech Light-Up Baby Touch Tablet, Learning Toy for Baby, Pink
Average rating:out ofstars, based onreviews
68
ratings
Current Price
$16.99
$16.99
List Price
$22.40
$22.40
NextDay eligible
Current Quantity: 0 .
Add to cart

[INFO ] 2020-06-11 21:03:12.602 [main] LoggerListener - Product Image
Product Title
Bright Starts Snuggle & Teethe Plush Teether Toy - Assortment, Ages Newborn +
Average rating:out ofstars, based onreviews
75
ratings
Current Price
$6.47
$6.47
2-day delivery
Choose Options

[INFO ] 2020-06-11 21:03:12.679 [main] LoggerListener - Product Image
Product Title
Bright Starts Press & Glow Spinner
Average rating:out ofstars, based onreviews
186
ratings
Current Price
$12.98
$12.98
2-day delivery
Free pickup today
Current Quantity: 0 .
Add to cart

[INFO ] 2020-06-11 21:03:12.758 [main] LoggerListener - BEST SELLER
Product Image
Product Title
Fisher-Price Laugh & Learn Smart Stages Puppy with 75+ Songs & Sounds
Average rating:out ofstars, based onreviews
360
ratings
Current Price
$11.99
$11.99
List Price
$13.88
$13.88
2-day delivery
Free pickup today
Current Quantity: 0 .
Add to cart

[INFO ] 2020-06-11 21:03:12.850 [main] LoggerListener - Product Image
Product Title
Baby Einstein Take Along Tunes Musical Toy, Ages 3 months +
Average rating:out ofstars, based onreviews
285
ratings
Current Price
$9.99
$9.99
NextDay eligible
Free pickup today
Current Quantity: 0 .
Add to cart

[INFO ] 2020-06-11 21:03:31.652 [main] LoggerListener - Item description for the selected item before cart is :Baby Einstein Take Along Tunes Musical Toy, Ages 3 months +
[INFO ] 2020-06-11 21:03:32.011 [main] LoggerListener - The page title for the item you selected is : Baby Einstein Take Along Tunes Musical Toy, Ages 3 months + - Walmart.com - Walmart.com
[INFO ] 2020-06-11 21:03:34.265 [main] LoggerListener - The item you added to cart is :Baby Einstein Take Along Tunes Musical Toy, Ages 3 months +
[INFO ] 2020-06-11 21:10:13.265 [main] LoggerListener - There are 40 products displayed in this page
[INFO ] 2020-06-11 21:10:13.268 [main] LoggerListener - 25 pages were resulted with the search
[INFO ] 2020-06-11 21:10:13.331 [main] LoggerListener - BEST SELLER
Product Image
Product Title
Bright Starts Grab & Spin Rattle and Teether Toy, Ages 3 months +
Average rating:out ofstars, based onreviews
80
ratings
Current Price
$2.99
$2.99
Pickup Only
Free pickup today
Current Quantity: 0 .
Add to cart

[INFO ] 2020-06-11 21:10:13.502 [main] LoggerListener - NEW
Product Image
Product Title
Fisher-Price Baby’s First Blocks & Rock-a-Stack, Plant-Based Toys
Average rating:out ofstars, based onreviews
19
ratings
Current Price
$16.99
$16.99
2-day delivery
Current Quantity: 0 .
Add to cart

[INFO ] 2020-06-11 21:10:13.620 [main] LoggerListener - Product Image
Product Title
Fisher-Price Giant Rock-a-Stack with 6-Colorful Rings
Average rating:out ofstars, based onreviews
26
ratings
Current Price
$39.49
$39.49
Sold & shipped by 
Innovative Commerce Solutions
Free delivery
Current Quantity: 0 .
Add to cart

[INFO ] 2020-06-11 21:10:13.735 [main] LoggerListener - BEST SELLER
Product Image
Product Title
Award Winning Fisher-Price Linkimals Smooth Moves Sloth, Baby Toy With Music and Lights
Average rating:out ofstars, based onreviews
348
ratings
Current Price
$29.82
$29.82
NextDay eligible
Free pickup today
Current Quantity: 0 .
Add to cart

[INFO ] 2020-06-11 21:10:13.836 [main] LoggerListener - NEW
Product Image
Product Title
Award Winning Fisher-Price Linkimals Happy Shapes Hedgehog, Musical Baby
Average rating:out ofstars, based onreviews
348
ratings
Current Price
$24.84
$24.84
2-day delivery
Free pickup today
Current Quantity: 0 .
Add to cart

[INFO ] 2020-06-11 21:10:13.935 [main] LoggerListener - NEW
Product Image
Product Title
VTech Light-Up Baby Touch Tablet, Learning Toy for Baby, Pink
Average rating:out ofstars, based onreviews
68
ratings
Current Price
$16.99
$16.99
List Price
$22.40
$22.40
NextDay eligible
Current Quantity: 0 .
Add to cart

[INFO ] 2020-06-11 21:10:14.027 [main] LoggerListener - Product Image
Product Title
Baby Einstein Take Along Tunes Musical Toy, Ages 3 months +
Average rating:out ofstars, based onreviews
285
ratings
Current Price
$9.99
$9.99
NextDay eligible
Free pickup today
Current Quantity: 0 .
Add to cart

[INFO ] 2020-06-11 21:10:32.110 [main] LoggerListener - Item description for the selected item before cart is :Baby Einstein Take Along Tunes Musical Toy, Ages 3 months +
[INFO ] 2020-06-11 21:11:41.080 [main] LoggerListener - There are 40 products displayed in this page
[INFO ] 2020-06-11 21:11:41.084 [main] LoggerListener - 25 pages were resulted with the search
[INFO ] 2020-06-11 21:11:41.148 [main] LoggerListener - Product Image
Product Title
Bright Starts Snuggle & Teethe Plush Teether Toy - Assortment, Ages Newborn +
Average rating:out ofstars, based onreviews
75
ratings
Current Price
$6.47
$6.47
2-day delivery
Choose Options

[INFO ] 2020-06-11 21:11:41.232 [main] LoggerListener - NEW
Product Image
Product Title
Fisher-Price Baby’s First Blocks & Rock-a-Stack, Plant-Based Toys
Average rating:out ofstars, based onreviews
19
ratings
Current Price
$16.99
$16.99
2-day delivery
Current Quantity: 0 .
Add to cart

[INFO ] 2020-06-11 21:11:41.310 [main] LoggerListener - Product Image
Product Title
Fisher-Price Giant Rock-a-Stack with 6-Colorful Rings
Average rating:out ofstars, based onreviews
26
ratings
Current Price
$39.49
$39.49
Sold & shipped by 
Innovative Commerce Solutions
Free delivery
Current Quantity: 0 .
Add to cart

[INFO ] 2020-06-11 21:11:41.395 [main] LoggerListener - BEST SELLER
Product Image
Product Title
Award Winning Fisher-Price Linkimals Smooth Moves Sloth, Baby Toy With Music and Lights
Average rating:out ofstars, based onreviews
348
ratings
Current Price
$29.82
$29.82
NextDay eligible
Free pickup today
Current Quantity: 0 .
Add to cart

[INFO ] 2020-06-11 21:11:41.480 [main] LoggerListener - NEW
Product Image
Product Title
Award Winning Fisher-Price Linkimals Happy Shapes Hedgehog, Musical Baby
Average rating:out ofstars, based onreviews
348
ratings
Current Price
$24.84
$24.84
2-day delivery
Free pickup today
Current Quantity: 0 .
Add to cart

[INFO ] 2020-06-11 21:11:41.569 [main] LoggerListener - NEW
Product Image
Product Title
VTech Light-Up Baby Touch Tablet, Learning Toy for Baby, Pink
Average rating:out ofstars, based onreviews
68
ratings
Current Price
$16.99
$16.99
List Price
$22.40
$22.40
NextDay eligible
Current Quantity: 0 .
Add to cart

[INFO ] 2020-06-11 21:11:41.661 [main] LoggerListener - BEST SELLER
Product Image
Product Title
Fisher-Price Laugh & Learn Smart Stages Puppy with 75+ Songs & Sounds
Average rating:out ofstars, based onreviews
360
ratings
Current Price
$11.99
$11.99
List Price
$13.88
$13.88
2-day delivery
Free pickup today
Current Quantity: 0 .
Add to cart

[INFO ] 2020-06-11 21:11:41.742 [main] LoggerListener - BEST SELLER
Product Image
Product Title
Bright Starts Grab & Spin Rattle and Teether Toy, Ages 3 months +
Average rating:out ofstars, based onreviews
80
ratings
Current Price
$2.99
$2.99
Pickup Only
Free pickup today
Current Quantity: 0 .
Add to cart

[INFO ] 2020-06-11 21:11:41.818 [main] LoggerListener - Product Image
Product Title
Baby Einstein Take Along Tunes Musical Toy, Ages 3 months +
Average rating:out ofstars, based onreviews
285
ratings
Current Price
$9.99
$9.99
NextDay eligible
Free pickup today
Current Quantity: 0 .
Add to cart

[INFO ] 2020-06-11 21:11:59.231 [main] LoggerListener - Item description for the selected item before cart is :Baby Einstein Take Along Tunes Musical Toy, Ages 3 months +
[INFO ] 2020-06-11 21:11:59.500 [main] LoggerListener - The page title for the item you selected is : Baby Einstein Take Along Tunes Musical Toy, Ages 3 months + - Walmart.com - Walmart.com
[INFO ] 2020-06-11 21:12:01.979 [main] LoggerListener - The item you added to cart is :Baby Einstein Take Along Tunes Musical Toy, Ages 3 months +
[INFO ] 2020-06-11 21:32:06.824 [main] LoggerListener - There are 40 products displayed in this page
[INFO ] 2020-06-11 21:32:06.829 [main] LoggerListener - 25 pages were resulted with the search
[INFO ] 2020-06-11 21:32:06.956 [main] LoggerListener - BEST SELLER
Product Image
Product Title
Bright Starts Grab & Spin Rattle and Teether Toy, Ages 3 months +
Average rating:out ofstars, based onreviews
80
ratings
Current Price
$2.99
$2.99
Pickup Only
Free pickup today
Current Quantity: 0 .
Add to cart

[INFO ] 2020-06-11 21:32:07.066 [main] LoggerListener - NEW
Product Image
Product Title
Fisher-Price Baby’s First Blocks & Rock-a-Stack, Plant-Based Toys
Average rating:out ofstars, based onreviews
19
ratings
Current Price
$16.99
$16.99
2-day delivery
Current Quantity: 0 .
Add to cart

[INFO ] 2020-06-11 21:32:07.152 [main] LoggerListener - Product Image
Product Title
Fisher-Price Giant Rock-a-Stack with 6-Colorful Rings
Average rating:out ofstars, based onreviews
26
ratings
Current Price
$39.49
$39.49
Sold & shipped by 
Innovative Commerce Solutions
Free delivery
Current Quantity: 0 .
Add to cart

[INFO ] 2020-06-11 21:32:07.242 [main] LoggerListener - BEST SELLER
Product Image
Product Title
Award Winning Fisher-Price Linkimals Smooth Moves Sloth, Baby Toy With Music and Lights
Average rating:out ofstars, based onreviews
348
ratings
Current Price
$29.82
$29.82
NextDay eligible
Free pickup today
Current Quantity: 0 .
Add to cart

[INFO ] 2020-06-11 21:32:07.331 [main] LoggerListener - NEW
Product Image
Product Title
Award Winning Fisher-Price Linkimals Happy Shapes Hedgehog, Musical Baby
Average rating:out ofstars, based onreviews
348
ratings
Current Price
$24.84
$24.84
2-day delivery
Free pickup today
Current Quantity: 0 .
Add to cart

[INFO ] 2020-06-11 21:32:07.412 [main] LoggerListener - NEW
Product Image
Product Title
VTech Light-Up Baby Touch Tablet, Learning Toy for Baby, Pink
Average rating:out ofstars, based onreviews
68
ratings
Current Price
$16.99
$16.99
List Price
$22.40
$22.40
NextDay eligible
Current Quantity: 0 .
Add to cart

[INFO ] 2020-06-11 21:32:07.499 [main] LoggerListener - Product Image
Product Title
Baby Einstein Take Along Tunes Musical Toy, Ages 3 months +
Average rating:out ofstars, based onreviews
285
ratings
Current Price
$9.99
$9.99
NextDay eligible
Free pickup today
Current Quantity: 0 .
Add to cart

[INFO ] 2020-06-11 21:32:25.386 [main] LoggerListener - Item description for the selected item before cart is :Baby Einstein Take Along Tunes Musical Toy, Ages 3 months +
[INFO ] 2020-06-11 21:32:25.834 [main] LoggerListener - The page title for the item you selected is : Baby Einstein Take Along Tunes Musical Toy, Ages 3 months + - Walmart.com - Walmart.com
[INFO ] 2020-06-11 21:32:27.680 [main] LoggerListener - The item you added to cart is :Baby Einstein Take Along Tunes Musical Toy, Ages 3 months +
[INFO ] 2020-06-11 21:35:38.410 [main] LoggerListener - There are 40 products displayed in this page
[INFO ] 2020-06-11 21:35:38.413 [main] LoggerListener - 25 pages were resulted with the search
[INFO ] 2020-06-11 21:35:38.492 [main] LoggerListener - BEST SELLER
Product Image
Product Title
Bright Starts Grab & Spin Rattle and Teether Toy, Ages 3 months +
Average rating:out ofstars, based onreviews
80
ratings
Current Price
$2.99
$2.99
Pickup Only
Free pickup today
Current Quantity: 0 .
Add to cart

[INFO ] 2020-06-11 21:35:38.605 [main] LoggerListener - NEW
Product Image
Product Title
Fisher-Price Baby’s First Blocks & Rock-a-Stack, Plant-Based Toys
Average rating:out ofstars, based onreviews
19
ratings
Current Price
$16.99
$16.99
2-day delivery
Current Quantity: 0 .
Add to cart

[INFO ] 2020-06-11 21:35:38.691 [main] LoggerListener - Product Image
Product Title
Fisher-Price Giant Rock-a-Stack with 6-Colorful Rings
Average rating:out ofstars, based onreviews
26
ratings
Current Price
$39.49
$39.49
Sold & shipped by 
Innovative Commerce Solutions
Free delivery
Current Quantity: 0 .
Add to cart

[INFO ] 2020-06-11 21:35:38.780 [main] LoggerListener - BEST SELLER
Product Image
Product Title
Award Winning Fisher-Price Linkimals Smooth Moves Sloth, Baby Toy With Music and Lights
Average rating:out ofstars, based onreviews
348
ratings
Current Price
$29.82
$29.82
NextDay eligible
Free pickup today
Current Quantity: 0 .
Add to cart

[INFO ] 2020-06-11 21:35:38.871 [main] LoggerListener - NEW
Product Image
Product Title
Award Winning Fisher-Price Linkimals Happy Shapes Hedgehog, Musical Baby
Average rating:out ofstars, based onreviews
348
ratings
Current Price
$24.84
$24.84
2-day delivery
Free pickup today
Current Quantity: 0 .
Add to cart

[INFO ] 2020-06-11 21:35:38.959 [main] LoggerListener - NEW
Product Image
Product Title
VTech Light-Up Baby Touch Tablet, Learning Toy for Baby, Pink
Average rating:out ofstars, based onreviews
68
ratings
Current Price
$16.99
$16.99
List Price
$22.40
$22.40
NextDay eligible
Current Quantity: 0 .
Add to cart

[INFO ] 2020-06-11 21:35:39.042 [main] LoggerListener - Product Image
Product Title
Baby Einstein Take Along Tunes Musical Toy, Ages 3 months +
Average rating:out ofstars, based onreviews
285
ratings
Current Price
$9.99
$9.99
NextDay eligible
Free pickup today
Current Quantity: 0 .
Add to cart

[INFO ] 2020-06-11 21:35:56.434 [main] LoggerListener - Item description for the selected item before cart is :Baby Einstein Take Along Tunes Musical Toy, Ages 3 months +
[INFO ] 2020-06-11 21:35:56.717 [main] LoggerListener - The page title for the item you selected is : Baby Einstein Take Along Tunes Musical Toy, Ages 3 months + - Walmart.com - Walmart.com
[INFO ] 2020-06-11 21:35:58.837 [main] LoggerListener - The item you added to cart is :Baby Einstein Take Along Tunes Musical Toy, Ages 3 months +
[INFO ] 2020-06-11 21:58:13.111 [main] LoggerListener - There are 40 products displayed in this page
[INFO ] 2020-06-11 21:58:13.114 [main] LoggerListener - 25 pages were resulted with the search
[INFO ] 2020-06-11 21:58:13.175 [main] LoggerListener - BEST SELLER
Product Image
Product Title
Bright Starts Grab & Spin Rattle and Teether Toy, Ages 3 months +
Average rating:out ofstars, based onreviews
80
ratings
Current Price
$2.99
$2.99
Pickup Only
Free pickup today
Current Quantity: 0 .
Add to cart

[INFO ] 2020-06-11 21:58:13.264 [main] LoggerListener - NEW
Product Image
Product Title
Fisher-Price Baby’s First Blocks & Rock-a-Stack, Plant-Based Toys
Average rating:out ofstars, based onreviews
19
ratings
Current Price
$16.99
$16.99
2-day delivery
Current Quantity: 0 .
Add to cart

[INFO ] 2020-06-11 21:58:13.349 [main] LoggerListener - Product Image
Product Title
Fisher-Price Giant Rock-a-Stack with 6-Colorful Rings
Average rating:out ofstars, based onreviews
26
ratings
Current Price
$39.49
$39.49
Sold & shipped by 
Innovative Commerce Solutions
Free delivery
Current Quantity: 0 .
Add to cart

[INFO ] 2020-06-11 21:58:13.433 [main] LoggerListener - BEST SELLER
Product Image
Product Title
Award Winning Fisher-Price Linkimals Smooth Moves Sloth, Baby Toy With Music and Lights
Average rating:out ofstars, based onreviews
348
ratings
Current Price
$29.82
$29.82
NextDay eligible
Free pickup today
Current Quantity: 0 .
Add to cart

[INFO ] 2020-06-11 21:58:13.523 [main] LoggerListener - NEW
Product Image
Product Title
Award Winning Fisher-Price Linkimals Happy Shapes Hedgehog, Musical Baby
Average rating:out ofstars, based onreviews
348
ratings
Current Price
$24.84
$24.84
2-day delivery
Free pickup today
Current Quantity: 0 .
Add to cart

[INFO ] 2020-06-11 21:58:13.609 [main] LoggerListener - NEW
Product Image
Product Title
VTech Light-Up Baby Touch Tablet, Learning Toy for Baby, Pink
Average rating:out ofstars, based onreviews
68
ratings
Current Price
$16.99
$16.99
List Price
$22.40
$22.40
NextDay eligible
Current Quantity: 0 .
Add to cart

[INFO ] 2020-06-11 21:58:13.694 [main] LoggerListener - Product Image
Product Title
Baby Einstein Take Along Tunes Musical Toy, Ages 3 months +
Average rating:out ofstars, based onreviews
285
ratings
Current Price
$9.99
$9.99
NextDay eligible
Free pickup today
Current Quantity: 0 .
Add to cart

[INFO ] 2020-06-11 21:58:31.853 [main] LoggerListener - Item description for the selected item before cart is :Baby Einstein Take Along Tunes Musical Toy, Ages 3 months +
[INFO ] 2020-06-11 21:58:32.191 [main] LoggerListener - The page title for the item you selected is : Baby Einstein Take Along Tunes Musical Toy, Ages 3 months + - Walmart.com - Walmart.com
[INFO ] 2020-06-11 21:58:34.258 [main] LoggerListener - The item you added to cart is :Baby Einstein Take Along Tunes Musical Toy, Ages 3 months +
