[INFO ] 2020-06-01 19:54:34.152 [main] ExcelHelper - Total columns: 4
[INFO ] 2020-06-01 19:54:40.494 [main] ExcelHelper - Birthday message is Providing your birthday helps make sure you get the right Facebook experience for your age. If you want to change who sees this, go to the About section of your profile. For more details, please visit our Data Policy.
[INFO ] 2020-06-01 19:57:58.073 [main] ExcelHelper - Total columns: 4
[INFO ] 2020-06-01 19:58:04.090 [main] ExcelHelper - Birthday message is Providing your birthday helps make sure you get the right Facebook experience for your age. If you want to change who sees this, go to the About section of your profile. For more details, please visit our Data Policy.
[INFO ] 2020-06-01 19:59:08.253 [main] ExcelHelper - Total columns: 4
[INFO ] 2020-06-01 19:59:14.388 [main] ExcelHelper - Birthday message is Providing your birthday helps make sure you get the right Facebook experience for your age. If you want to change who sees this, go to the About section of your profile. For more details, please visit our Data Policy.
[INFO ] 2020-06-01 20:12:37.495 [main] ExcelHelper - Total columns: 4
[INFO ] 2020-06-01 20:12:52.558 [main] ExcelHelper - Total columns: 4
[INFO ] 2020-06-01 20:12:58.765 [main] ExcelHelper - Birthday message is Providing your birthday helps make sure you get the right Facebook experience for your age. If you want to change who sees this, go to the About section of your profile. For more details, please visit our Data Policy.
[INFO ] 2020-06-01 20:13:10.016 [main] ExcelHelper - The color of the element in Terms of Service is rgba(255, 255, 255, 1)
[INFO ] 2020-06-01 20:19:32.332 [main] ExcelHelper - Total columns: 7
[INFO ] 2020-06-01 20:19:39.942 [main] ExcelHelper - The color of the element in Terms of Service is rgba(255, 255, 255, 1)
[INFO ] 2020-06-01 20:29:12.493 [main] ExcelHelper - Total columns: 7
[ERROR] 2020-06-01 20:29:12.567 [main] ExcelHelper - java.io.FileNotFoundException: C:\Usha\MyFaceAutomationFramework\Resources\DataForSigninFile\DataForSignin.xlsx (The process cannot access the file because it is being used by another process)
[INFO ] 2020-06-01 20:29:20.302 [main] ExcelHelper - The color of the element in Terms of Service is rgba(255, 255, 255, 1)
[INFO ] 2020-06-01 20:53:55.708 [main] ExcelHelper - Total rows: 1
[INFO ] 2020-06-01 20:53:55.712 [main] ExcelHelper - Total columns: 7
[ERROR] 2020-06-01 20:53:55.767 [main] ExcelHelper - java.io.FileNotFoundException: C:\Usha\MyFaceAutomationFramework\Resources\DataForSigninFile\DataForSignin.xlsx (The process cannot access the file because it is being used by another process)
[INFO ] 2020-06-01 20:54:05.606 [main] ExcelHelper - The color of the element in Terms of Service is rgba(255, 255, 255, 1)
[INFO ] 2020-06-01 20:54:58.740 [main] ExcelHelper - Total rows: 1
[INFO ] 2020-06-01 20:54:58.743 [main] ExcelHelper - Total columns: 7
[INFO ] 2020-06-01 20:55:06.261 [main] ExcelHelper - The color of the element in Terms of Service is rgba(255, 255, 255, 1)
[INFO ] 2020-06-01 21:15:35.211 [main] ExcelHelper - Total rows: 1
[INFO ] 2020-06-01 21:15:35.214 [main] ExcelHelper - Total columns: 7
[INFO ] 2020-06-01 21:15:42.987 [main] ExcelHelper - The color of the element in Terms of Service is rgba(255, 255, 255, 1)
[INFO ] 2020-06-01 21:36:27.878 [main] ExcelHelper - Total rows: 1
[INFO ] 2020-06-01 21:36:27.883 [main] ExcelHelper - Total columns: 7
[INFO ] 2020-06-01 21:36:35.568 [main] ExcelHelper - The color of the element in Terms of Service is rgba(255, 255, 255, 1)
[INFO ] 2020-06-01 21:38:06.188 [main] ExcelHelper - Total rows: 1
[INFO ] 2020-06-01 21:38:06.192 [main] ExcelHelper - Total columns: 7
[INFO ] 2020-06-01 21:38:13.788 [main] ExcelHelper - The color of the element in Terms of Service is rgba(255, 255, 255, 1)
[INFO ] 2020-06-01 21:43:11.981 [main] ExcelHelper - Total rows: 1
[INFO ] 2020-06-01 21:43:11.984 [main] ExcelHelper - Total columns: 7
[INFO ] 2020-06-01 21:43:18.050 [main] ExcelHelper - Birthday message is Providing your birthday helps make sure you get the right Facebook experience for your age. If you want to change who sees this, go to the About section of your profile. For more details, please visit our Data Policy.
[INFO ] 2020-06-01 21:43:29.694 [main] ExcelHelper - The color of the element in Terms of Service is rgba(255, 255, 255, 1)
[INFO ] 2020-06-01 21:48:01.274 [main] ExcelHelper - Total rows: 1
[INFO ] 2020-06-01 21:48:01.281 [main] ExcelHelper - Total columns: 7
[INFO ] 2020-06-01 21:48:17.755 [main] ExcelHelper - The color of the element in Terms of Service is rgba(255, 255, 255, 1)
[INFO ] 2020-06-01 21:48:29.750 [main] ExcelHelper - Total rows: 1
[INFO ] 2020-06-01 21:48:29.756 [main] ExcelHelper - Total columns: 7
[INFO ] 2020-06-01 21:49:43.626 [main] ExcelHelper - Total rows: 1
[INFO ] 2020-06-01 21:49:43.630 [main] ExcelHelper - Total columns: 7
[INFO ] 2020-06-01 21:49:49.534 [main] ExcelHelper - You chose monthMonth
Jan
Feb
Mar
Apr
May
Jun
Jul
Aug
Sep
Oct
Nov
Dec
[INFO ] 2020-06-01 21:49:49.671 [main] ExcelHelper - You chose dayDay
1
2
3
4
5
6
7
8
9
10
11
12
13
14
15
16
17
18
19
20
21
22
23
24
25
26
27
28
29
30
31
[INFO ] 2020-06-01 21:49:49.895 [main] ExcelHelper - Birthday message is Providing your birthday helps make sure you get the right Facebook experience for your age. If you want to change who sees this, go to the About section of your profile. For more details, please visit our Data Policy.
[INFO ] 2020-06-01 21:49:57.384 [main] ExcelHelper - The color of the element in Terms of Service is rgba(255, 255, 255, 1)
